TN:
SF:src/shared/domain/entity/aggregate-root.ts
FN:8,AggregateRoot
FNF:1
FNH:1
FNDA:4,AggregateRoot
DA:1,1
DA:2,1
DA:3,1
DA:4,1
DA:5,1
DA:6,1
DA:7,1
DA:8,1
DA:9,4
DA:10,4
DA:11,1
LF:11
LH:11
BRDA:8,0,0,4
BRF:1
BRH:1
end_of_record
TN:
SF:src/shared/domain/entity/entity.ts
FN:3,<instance_members_initializer>
FN:6,Entity
FN:13,getID
FN:17,toJSON
FNF:4
FNH:4
FNDA:4,<instance_members_initializer>
FNDA:4,Entity
FNDA:2,getID
FNDA:1,toJSON
DA:1,1
DA:2,1
DA:3,1
DA:4,4
DA:5,4
DA:6,4
DA:7,4
DA:8,4
DA:9,4
DA:10,4
DA:11,4
DA:12,4
DA:13,4
DA:14,2
DA:15,2
DA:16,4
DA:17,4
DA:18,1
DA:19,1
DA:20,1
DA:21,1
DA:22,1
DA:23,4
LF:23
LH:23
BRDA:3,0,0,4
BRDA:6,1,0,4
BRDA:13,2,0,2
BRDA:17,3,0,1
BRF:4
BRH:4
end_of_record
TN:
SF:src/shared/domain/entity/identifier.ts
FNF:0
FNH:0
DA:1,1
DA:2,1
DA:3,1
LF:3
LH:3
BRF:0
BRH:0
end_of_record
TN:
SF:src/shared/domain/entity/index.ts
FNF:0
FNH:0
DA:1,1
DA:2,1
DA:3,1
DA:4,1
LF:4
LH:4
BRF:0
BRH:0
end_of_record
TN:
SF:src/shared/domain/entity/value-object.ts
FNF:0
FNH:0
DA:1,1
LF:1
LH:1
BRF:0
BRH:0
end_of_record
TN:
SF:src/shared/domain/erros/validator-error.ts
FN:3,<instance_members_initializer>
FN:4,EntityValidationError
FNF:2
FNH:2
FNDA:4,<instance_members_initializer>
FNDA:4,EntityValidationError
DA:1,1
DA:2,1
DA:3,1
DA:4,4
DA:5,4
DA:6,4
DA:7,4
DA:8,4
LF:8
LH:8
BRDA:3,0,0,4
BRDA:4,1,0,4
BRF:2
BRH:2
end_of_record
TN:
SF:src/shared/domain/validator/yup-validator.ts
FN:7,<instance_members_initializer>
FN:9,YupValidatorFields
FN:16,validate
FNF:3
FNH:3
FNDA:26,<instance_members_initializer>
FNDA:26,YupValidatorFields
FNDA:25,validate
DA:1,1
DA:2,1
DA:3,1
DA:4,1
DA:5,1
DA:6,1
DA:7,1
DA:8,26
DA:9,26
DA:10,26
DA:11,26
DA:12,26
DA:13,26
DA:14,26
DA:15,26
DA:16,26
DA:17,25
DA:18,25
DA:19,25
DA:20,2
DA:21,24
DA:22,23
DA:23,23
DA:24,23
DA:25,55
DA:26,55
DA:27,55
DA:28,23
DA:29,23
DA:30,23
DA:31,25
DA:32,26
LF:32
LH:32
BRDA:7,0,0,26
BRDA:9,1,0,26
BRDA:16,2,0,25
BRDA:19,3,0,24
BRDA:19,4,0,2
BRDA:21,5,0,23
BRDA:24,6,0,55
BRF:7
BRH:7
end_of_record
TN:
SF:src/user/domain/entity/user/user-id.ts
FN:4,<instance_members_initializer>
FN:7,UserID
FN:12,unique
FN:16,from
FN:20,fromUUID
FN:24,getValue
FNF:6
FNH:6
FNDA:6,<instance_members_initializer>
FNDA:6,UserID
FNDA:4,unique
FNDA:5,from
FNDA:1,fromUUID
FNDA:7,getValue
DA:1,1
DA:2,1
DA:3,1
DA:4,1
DA:5,6
DA:6,6
DA:7,6
DA:8,6
DA:9,6
DA:10,6
DA:11,6
DA:12,6
DA:13,4
DA:14,4
DA:15,6
DA:16,6
DA:17,5
DA:18,5
DA:19,6
DA:20,6
DA:21,1
DA:22,1
DA:23,6
DA:24,6
DA:25,7
DA:26,7
DA:27,6
LF:27
LH:27
BRDA:4,0,0,6
BRDA:7,1,0,6
BRDA:12,2,0,4
BRDA:16,3,0,5
BRDA:20,4,0,1
BRDA:24,5,0,7
BRF:6
BRH:6
end_of_record
TN:
SF:src/user/domain/entity/user/user.ts
FN:25,<instance_members_initializer>
FN:26,User
FN:41,validate
FN:49,newUser
FN:71,update
FN:106,getName
FN:110,getEmail
FN:114,getBirthDate
FN:118,getCreatedAt
FN:122,getUpdatedAt
FN:126,getDeletedAt
FN:130,setDeletedAt
FNF:12
FNH:12
FNDA:3,<instance_members_initializer>
FNDA:3,User
FNDA:4,validate
FNDA:3,newUser
FNDA:1,update
FNDA:3,getName
FNDA:2,getEmail
FNDA:2,getBirthDate
FNDA:1,getCreatedAt
FNDA:1,getUpdatedAt
FNDA:2,getDeletedAt
FNDA:1,setDeletedAt
DA:1,1
DA:2,1
DA:3,1
DA:4,1
DA:5,1
DA:6,1
DA:7,1
DA:8,1
DA:9,1
DA:10,1
DA:11,1
DA:12,1
DA:13,1
DA:14,1
DA:15,1
DA:16,1
DA:17,1
DA:18,1
DA:19,1
DA:20,1
DA:21,1
DA:22,1
DA:23,1
DA:24,1
DA:25,1
DA:26,3
DA:27,3
DA:28,3
DA:29,3
DA:30,3
DA:31,3
DA:32,3
DA:33,3
DA:34,3
DA:35,3
DA:36,3
DA:37,3
DA:38,3
DA:39,3
DA:40,3
DA:41,3
DA:42,4
DA:43,4
DA:44,4
DA:45,4
DA:46,4
DA:47,4
DA:48,3
DA:49,3
DA:50,3
DA:51,3
DA:52,3
DA:53,3
DA:54,3
DA:55,3
DA:56,3
DA:57,3
DA:58,3
DA:59,3
DA:60,3
DA:61,3
DA:62,3
DA:63,3
DA:64,3
DA:65,3
DA:66,3
DA:67,3
DA:68,3
DA:69,3
DA:70,3
DA:71,3
DA:72,1
DA:73,1
DA:74,1
DA:75,1
DA:76,1
DA:77,1
DA:78,1
DA:79,1
DA:80,1
DA:81,1
DA:82,1
DA:83,1
DA:84,1
DA:85,1
DA:86,1
DA:87,0
DA:88,0
DA:89,1
DA:90,1
DA:91,1
DA:92,1
DA:93,1
DA:94,1
DA:95,1
DA:96,1
DA:97,1
DA:98,1
DA:99,0
DA:100,0
DA:101,1
DA:102,0
DA:103,0
DA:104,1
DA:105,3
DA:106,3
DA:107,3
DA:108,3
DA:109,3
DA:110,3
DA:111,2
DA:112,2
DA:113,3
DA:114,3
DA:115,2
DA:116,2
DA:117,3
DA:118,3
DA:119,1
DA:120,1
DA:121,3
DA:122,3
DA:123,1
DA:124,1
DA:125,3
DA:126,3
DA:127,2
DA:128,2
DA:129,3
DA:130,3
DA:131,1
DA:132,1
DA:133,3
LF:133
LH:127
BRDA:25,0,0,3
BRDA:26,1,0,3
BRDA:36,2,0,0
BRDA:37,3,0,0
BRDA:41,4,0,4
BRDA:49,5,0,3
BRDA:71,6,0,1
BRDA:86,7,0,0
BRDA:98,8,0,0
BRDA:101,9,0,0
BRDA:106,10,0,3
BRDA:110,11,0,2
BRDA:114,12,0,2
BRDA:118,13,0,1
BRDA:122,14,0,1
BRDA:126,15,0,2
BRDA:130,16,0,1
BRF:17
BRH:12
end_of_record
TN:
SF:src/user/domain/validator/create/user-validator.ts
FN:24,create
FNF:1
FNH:1
FNDA:14,create
DA:1,1
DA:2,1
DA:3,1
DA:4,1
DA:5,1
DA:6,1
DA:7,1
DA:8,1
DA:9,1
DA:10,1
DA:11,1
DA:12,1
DA:13,1
DA:14,1
DA:15,1
DA:16,1
DA:17,1
DA:18,1
DA:19,1
DA:20,1
DA:21,1
DA:22,1
DA:23,1
DA:24,1
DA:25,14
DA:26,14
DA:27,1
LF:27
LH:27
BRDA:24,0,0,14
BRF:1
BRH:1
end_of_record
TN:
SF:src/user/domain/validator/update/user-update-validator.ts
FN:22,create
FNF:1
FNH:1
FNDA:9,create
DA:1,1
DA:2,1
DA:3,1
DA:4,1
DA:5,1
DA:6,1
DA:7,1
DA:8,1
DA:9,1
DA:10,1
DA:11,1
DA:12,1
DA:13,1
DA:14,1
DA:15,1
DA:16,1
DA:17,1
DA:18,1
DA:19,1
DA:20,1
DA:21,1
DA:22,1
DA:23,9
DA:24,9
DA:25,1
LF:25
LH:25
BRDA:22,0,0,9
BRF:1
BRH:1
end_of_record
