TN:
SF:src/shared/domain/entity/aggregate-root.ts
FN:8,AggregateRoot
FNF:1
FNH:1
FNDA:3,AggregateRoot
DA:1,1
DA:2,1
DA:3,1
DA:4,1
DA:5,1
DA:6,1
DA:7,1
DA:8,1
DA:9,3
DA:10,3
DA:11,1
LF:11
LH:11
BRDA:8,0,0,3
BRF:1
BRH:1
end_of_record
TN:
SF:src/shared/domain/entity/entity.ts
FN:3,<instance_members_initializer>
FN:6,Entity
FN:13,getID
FN:17,toJSON
FNF:4
FNH:4
FNDA:3,<instance_members_initializer>
FNDA:3,Entity
FNDA:2,getID
FNDA:1,toJSON
DA:1,1
DA:2,1
DA:3,1
DA:4,3
DA:5,3
DA:6,3
DA:7,3
DA:8,3
DA:9,3
DA:10,3
DA:11,3
DA:12,3
DA:13,3
DA:14,2
DA:15,2
DA:16,3
DA:17,3
DA:18,1
DA:19,1
DA:20,1
DA:21,1
DA:22,1
DA:23,3
LF:23
LH:23
BRDA:3,0,0,3
BRDA:6,1,0,3
BRDA:13,2,0,2
BRDA:17,3,0,1
BRF:4
BRH:4
end_of_record
TN:
SF:src/shared/domain/entity/identifier.ts
FNF:0
FNH:0
DA:1,1
DA:2,1
DA:3,1
LF:3
LH:3
BRF:0
BRH:0
end_of_record
TN:
SF:src/shared/domain/entity/index.ts
FNF:0
FNH:0
DA:1,1
DA:2,1
DA:3,1
DA:4,1
LF:4
LH:4
BRF:0
BRH:0
end_of_record
TN:
SF:src/shared/domain/entity/value-object.ts
FNF:0
FNH:0
DA:1,1
LF:1
LH:1
BRF:0
BRH:0
end_of_record
TN:
SF:src/shared/domain/validator/yup-validator.ts
FN:7,<instance_members_initializer>
FN:9,YupValidatorFields
FN:16,validate
FNF:3
FNH:3
FNDA:3,<instance_members_initializer>
FNDA:3,YupValidatorFields
FNDA:2,validate
DA:1,1
DA:2,1
DA:3,1
DA:4,1
DA:5,1
DA:6,1
DA:7,1
DA:8,3
DA:9,3
DA:10,3
DA:11,3
DA:12,3
DA:13,3
DA:14,3
DA:15,3
DA:16,3
DA:17,2
DA:18,2
DA:19,2
DA:20,1
DA:21,1
DA:22,1
DA:23,1
DA:24,1
DA:25,2
DA:26,2
DA:27,2
DA:28,1
DA:29,1
DA:30,1
DA:31,2
DA:32,3
LF:32
LH:32
BRDA:7,0,0,3
BRDA:9,1,0,3
BRDA:16,2,0,2
BRDA:19,3,0,1
BRDA:24,4,0,2
BRF:5
BRH:5
end_of_record
TN:
SF:src/user/domain/entity/user/user-id.ts
FN:4,<instance_members_initializer>
FN:7,UserID
FN:12,unique
FN:16,from
FN:20,fromUUID
FN:24,getValue
FNF:6
FNH:6
FNDA:5,<instance_members_initializer>
FNDA:5,UserID
FNDA:3,unique
FNDA:4,from
FNDA:1,fromUUID
FNDA:7,getValue
DA:1,1
DA:2,1
DA:3,1
DA:4,1
DA:5,5
DA:6,5
DA:7,5
DA:8,5
DA:9,5
DA:10,5
DA:11,5
DA:12,5
DA:13,3
DA:14,3
DA:15,5
DA:16,5
DA:17,4
DA:18,4
DA:19,5
DA:20,5
DA:21,1
DA:22,1
DA:23,5
DA:24,5
DA:25,7
DA:26,7
DA:27,5
LF:27
LH:27
BRDA:4,0,0,5
BRDA:7,1,0,5
BRDA:12,2,0,3
BRDA:16,3,0,4
BRDA:20,4,0,1
BRDA:24,5,0,7
BRF:6
BRH:6
end_of_record
TN:
SF:src/user/domain/entity/user/user.ts
FN:15,<instance_members_initializer>
FN:16,User
FN:31,validate
FN:39,newUser
FN:61,getName
FN:65,getEmail
FN:69,getBirthDate
FN:73,getCreatedAt
FN:77,getUpdatedAt
FN:81,getDeletedAt
FN:85,setDeletedAt
FNF:11
FNH:10
FNDA:2,<instance_members_initializer>
FNDA:2,User
FNDA:0,validate
FNDA:2,newUser
FNDA:1,getName
FNDA:1,getEmail
FNDA:1,getBirthDate
FNDA:1,getCreatedAt
FNDA:1,getUpdatedAt
FNDA:2,getDeletedAt
FNDA:1,setDeletedAt
DA:1,1
DA:2,1
DA:3,1
DA:4,1
DA:5,1
DA:6,1
DA:7,1
DA:8,1
DA:9,1
DA:10,1
DA:11,1
DA:12,1
DA:13,1
DA:14,1
DA:15,1
DA:16,2
DA:17,2
DA:18,2
DA:19,2
DA:20,2
DA:21,2
DA:22,2
DA:23,2
DA:24,2
DA:25,2
DA:26,2
DA:27,2
DA:28,2
DA:29,2
DA:30,2
DA:31,2
DA:32,0
DA:33,0
DA:34,0
DA:35,0
DA:36,0
DA:37,0
DA:38,2
DA:39,2
DA:40,2
DA:41,2
DA:42,2
DA:43,2
DA:44,2
DA:45,2
DA:46,2
DA:47,2
DA:48,2
DA:49,2
DA:50,2
DA:51,2
DA:52,2
DA:53,2
DA:54,2
DA:55,2
DA:56,2
DA:57,2
DA:58,2
DA:59,2
DA:60,2
DA:61,2
DA:62,1
DA:63,1
DA:64,2
DA:65,2
DA:66,1
DA:67,1
DA:68,2
DA:69,2
DA:70,1
DA:71,1
DA:72,2
DA:73,2
DA:74,1
DA:75,1
DA:76,2
DA:77,2
DA:78,1
DA:79,1
DA:80,2
DA:81,2
DA:82,2
DA:83,2
DA:84,2
DA:85,2
DA:86,1
DA:87,1
DA:88,2
LF:88
LH:82
BRDA:15,0,0,2
BRDA:16,1,0,2
BRDA:26,2,0,0
BRDA:27,3,0,0
BRDA:39,4,0,2
BRDA:61,5,0,1
BRDA:65,6,0,1
BRDA:69,7,0,1
BRDA:73,8,0,1
BRDA:77,9,0,1
BRDA:81,10,0,2
BRDA:85,11,0,1
BRF:12
BRH:10
end_of_record
TN:
SF:src/user/domain/validator/user-validator.ts
FN:23,create
FNF:1
FNH:0
FNDA:0,create
DA:1,1
DA:2,1
DA:3,1
DA:4,1
DA:5,1
DA:6,1
DA:7,1
DA:8,1
DA:9,1
DA:10,1
DA:11,1
DA:12,1
DA:13,1
DA:14,1
DA:15,1
DA:16,1
DA:17,1
DA:18,1
DA:19,1
DA:20,1
DA:21,1
DA:22,1
DA:23,1
DA:24,0
DA:25,0
DA:26,1
LF:26
LH:24
BRF:0
BRH:0
end_of_record
